{
  "RSpec": {
    "coverage": {
      "/home/malcolm/Development/code/learn-prework/tic-tac-toe-rb/lib/tic_tac_toe.rb": [
        null,
        1,
        25,
        null,
        null,
        null,
        null,
        1,
        null,
        null,
        null,
        null,
        null,
        null,
        null,
        null,
        null,
        1,
        55,
        349,
        23,
        null,
        null,
        32,
        null,
        null,
        1,
        103,
        null,
        null,
        1,
        23,
        null,
        null,
        1,
        21,
        null,
        null,
        null,
        1,
        7,
        null,
        null,
        1,
        21,
        21,
        189,
        31,
        null,
        null,
        21,
        null,
        null,
        1,
        20,
        null,
        null,
        1,
        24,
        24,
        24,
        24,
        24,
        null,
        null,
        1,
        23,
        null,
        null,
        1,
        22,
        null,
        null,
        1,
        23,
        null,
        null,
        1,
        20,
        20,
        20,
        20,
        19,
        19,
        null,
        1,
        null,
        null,
        null,
        null,
        1,
        12,
        17,
        null,
        null,
        12,
        null,
        5,
        null,
        null,
        7,
        null,
        null
      ]
    },
    "timestamp": 1653407723
  }
}
